<?xml version="1.0" encoding="UTF-8"?>
<testng-results skipped="0" failed="0" ignored="0" total="1" passed="1">
  <reporter-output>
  </reporter-output>
  <suite name="Suite" duration-ms="141829" started-at="2018-06-09T06:46:25Z" finished-at="2018-06-09T06:48:46Z">
    <groups>
    </groups>
    <test name="Test" duration-ms="141829" started-at="2018-06-09T06:46:25Z" finished-at="2018-06-09T06:48:46Z">
      <class name="com.test.Mavenproj1.DemoforIE">
        <test-method status="PASS" signature="f()[pri:0, instance:com.test.Mavenproj1.DemoforIE@5a8e6209]" name="f" duration-ms="141689" started-at="2018-06-09T06:46:25Z" finished-at="2018-06-09T06:48:46Z">
          <reporter-output>
          </reporter-output>
        </test-method> <!-- f -->
      </class> <!-- com.test.Mavenproj1.DemoforIE -->
    </test> <!-- Test -->
  </suite> <!-- Suite -->
</testng-results>
