<?xml version="1.0" encoding="UTF-8"?>
<testng-results skipped="0" failed="0" ignored="0" total="1" passed="1">
  <reporter-output>
  </reporter-output>
  <suite name="Default suite" duration-ms="60130" started-at="2018-06-09T06:37:45Z" finished-at="2018-06-09T06:38:45Z">
    <groups>
    </groups>
    <test name="Default test" duration-ms="60130" started-at="2018-06-09T06:37:45Z" finished-at="2018-06-09T06:38:45Z">
      <class name="com.test.Mavenproj1.DemoforIE">
        <test-method status="PASS" signature="f()[pri:0, instance:com.test.Mavenproj1.DemoforIE@262b2c86]" name="f" duration-ms="60039" started-at="2018-06-09T06:37:45Z" finished-at="2018-06-09T06:38:45Z">
          <reporter-output>
          </reporter-output>
        </test-method> <!-- f -->
      </class> <!-- com.test.Mavenproj1.DemoforIE -->
    </test> <!-- Default test -->
  </suite> <!-- Default suite -->
</testng-results>
